u:\dynamictranslator\yact\bochs_emu\debug\bochs_emu.pch
u:\dynamictranslator\yact\bochs_emu\debug\vc142.pdb
u:\dynamictranslator\yact\bochs_emu\debug\vc142.idb
u:\dynamictranslator\yact\bochs_emu\debug\stdafx.obj
u:\dynamictranslator\yact\bochs_emu\debug\softfloat-specialize.obj
u:\dynamictranslator\yact\bochs_emu\debug\softfloat.obj
u:\dynamictranslator\yact\bochs_emu\debug\softfloatx80.obj
u:\dynamictranslator\yact\bochs_emu\debug\sse.obj
u:\dynamictranslator\yact\bochs_emu\debug\sse_move.obj
u:\dynamictranslator\yact\bochs_emu\debug\sse_pfp.obj
u:\dynamictranslator\yact\bochs_emu\debug\sse_rcp.obj
u:\dynamictranslator\yact\bochs_emu\debug\sse_string.obj
u:\dynamictranslator\yact\bochs_emu\debug\stack16.obj
u:\dynamictranslator\yact\bochs_emu\debug\stack32.obj
u:\dynamictranslator\yact\bochs_emu\debug\stack64.obj
u:\dynamictranslator\yact\bochs_emu\debug\string.obj
u:\dynamictranslator\yact\bochs_emu\debug\syntax.obj
u:\dynamictranslator\yact\bochs_emu\debug\tasking.obj
u:\dynamictranslator\yact\bochs_emu\debug\textconfig.obj
u:\dynamictranslator\yact\bochs_emu\debug\vm8086.obj
u:\dynamictranslator\yact\bochs_emu\debug\vmcs.obj
u:\dynamictranslator\yact\bochs_emu\debug\vmexit.obj
u:\dynamictranslator\yact\bochs_emu\debug\vmx.obj
u:\dynamictranslator\yact\bochs_emu\debug\xsave.obj
c:\users\kristibek\documents\github\win86emu\yact\bochs_emu\debug\softfloat-specialize.obj
c:\users\kristibek\documents\github\win86emu\yact\bochs_emu\debug\softfloat.obj
c:\users\kristibek\documents\github\win86emu\yact\bochs_emu\debug\softfloatx80.obj
c:\users\kristibek\documents\github\win86emu\yact\bochs_emu\debug\sse.obj
c:\users\kristibek\documents\github\win86emu\yact\bochs_emu\debug\sse_move.obj
c:\users\kristibek\documents\github\win86emu\yact\bochs_emu\debug\sse_pfp.obj
c:\users\kristibek\documents\github\win86emu\yact\bochs_emu\debug\sse_rcp.obj
c:\users\kristibek\documents\github\win86emu\yact\bochs_emu\debug\sse_string.obj
c:\users\kristibek\documents\github\win86emu\yact\bochs_emu\debug\stack16.obj
c:\users\kristibek\documents\github\win86emu\yact\bochs_emu\debug\stack32.obj
c:\users\kristibek\documents\github\win86emu\yact\bochs_emu\debug\stack64.obj
c:\users\kristibek\documents\github\win86emu\yact\bochs_emu\debug\stdafx.obj
c:\users\kristibek\documents\github\win86emu\yact\bochs_emu\debug\string.obj
c:\users\kristibek\documents\github\win86emu\yact\bochs_emu\debug\syntax.obj
c:\users\kristibek\documents\github\win86emu\yact\bochs_emu\debug\tasking.obj
c:\users\kristibek\documents\github\win86emu\yact\bochs_emu\debug\textconfig.obj
c:\users\kristibek\documents\github\win86emu\yact\bochs_emu\debug\vm8086.obj
c:\users\kristibek\documents\github\win86emu\yact\bochs_emu\debug\vmcs.obj
c:\users\kristibek\documents\github\win86emu\yact\bochs_emu\debug\vmexit.obj
c:\users\kristibek\documents\github\win86emu\yact\bochs_emu\debug\vmx.obj
c:\users\kristibek\documents\github\win86emu\yact\bochs_emu\debug\xsave.obj
c:\users\kristibek\documents\github\win86emu\yact\bochs_emu\debug\bochs_emu.pch
c:\users\kristibek\documents\github\win86emu\yact\bochs_emu\debug\vc142.idb
c:\users\kristibek\documents\github\win86emu\yact\bochs_emu\debug\vc142.pdb
c:\users\kristibek\documents\github\win86emu\yact\bochs_emu\debug\bochs_emu.tlog\cl.command.1.tlog
c:\users\kristibek\documents\github\win86emu\yact\bochs_emu\debug\bochs_emu.tlog\cl.read.1.tlog
c:\users\kristibek\documents\github\win86emu\yact\bochs_emu\debug\bochs_emu.tlog\cl.write.1.tlog
